{"D:\\Source Code\\reacttest\\packtReact17designpatters\\chapter11\\testing\\src\\components\\Hello\\index.tsx": {"path":"D:\\Source Code\\reacttest\\packtReact17designpatters\\chapter11\\testing\\src\\components\\Hello\\index.tsx","statementMap":{"0":{"start":{"line":5,"column":14},"end":{"line":6,"column":null}},"1":{"start":{"line":6,"column":1},"end":{"line":6,"column":51}},"2":{"start":{"line":8,"column":0},"end":{"line":8,"column":21}}},"fnMap":{"0":{"name":"(anonymous_0)","decl":{"start":{"line":5,"column":14},"end":{"line":5,"column":15}},"loc":{"start":{"line":6,"column":1},"end":{"line":6,"column":51}}}},"branchMap":{"0":{"loc":{"start":{"line":6,"column":30},"end":{"line":6,"column":45}},"type":"binary-expr","locations":[{"start":{"line":6,"column":30},"end":{"line":6,"column":34}},{"start":{"line":6,"column":38},"end":{"line":6,"column":45}}]}},"s":{"0":1,"1":3,"2":1},"f":{"0":3},"b":{"0":[3,2]}}
}
